<?xml version="1.0"?><coverage lines-covered="869" lines-valid="2438" line-rate="0.3564397046759639" branches-covered="0" branches-valid="0" branch-rate="0" complexity="0" version="1.9" timestamp="1777991441"><sources><source>/home/user/project</source></sources><packages><package name="src/bin/tui" line-rate="0.09687750200160128" branch-rate="0" complexity="0"><classes><class name="click_handlers" filename="src/bin/tui/click_handlers.rs" line-rate="0.34951456310679613" branch-rate="0" complexity="0"><methods/><lines><line number="8" hits="1"/><line number="13" hits="1"/><line number="14" hits="1"/><line number="15" hits="0"/><line number="18" hits="1"/><line number="20" hits="2"/><line number="21" hits="0"/><line number="23" hits="0"/><line number="24" hits="0"/><line number="26" hits="0"/><line number="29" hits="1"/><line number="30" hits="2"/><line number="31" hits="1"/><line number="32" hits="3"/><line number="33" hits="2"/><line number="35" hits="1"/><line number="36" hits="3"/><line number="37" hits="1"/><line number="38" hits="0"/><line number="40" hits="0"/><line number="41" hits="1"/><line number="42" hits="0"/><line number="44" hits="2"/><line number="46" hits="4"/><line number="47" hits="1"/><line number="48" hits="2"/><line number="50" hits="0"/><line number="53" hits="1"/><line number="56" hits="1"/><line number="57" hits="1"/><line number="58" hits="1"/><line number="59" hits="3"/><line number="60" hits="1"/><line number="61" hits="1"/><line number="63" hits="1"/><line number="67" hits="0"/><line number="69" hits="0"/><line number="75" hits="0"/><line number="76" hits="0"/><line number="77" hits="0"/><line number="78" hits="0"/><line number="79" hits="0"/><line number="80" hits="0"/><line number="81" hits="0"/><line number="82" hits="0"/><line number="83" hits="0"/><line number="84" hits="0"/><line number="85" hits="0"/><line number="87" hits="0"/><line number="88" hits="0"/><line number="90" hits="0"/><line number="91" hits="0"/><line number="92" hits="0"/><line number="93" hits="0"/><line number="94" hits="0"/><line number="95" hits="0"/><line number="99" hits="0"/><line number="103" hits="0"/><line number="105" hits="0"/><line number="109" hits="0"/><line number="110" hits="0"/><line number="111" hits="0"/><line number="112" hits="0"/><line number="113" hits="0"/><line number="115" hits="0"/><line number="117" hits="0"/><line number="118" hits="0"/><line number="119" hits="0"/><line number="120" hits="0"/><line number="123" hits="0"/><line number="124" hits="0"/><line number="125" hits="0"/><line number="130" hits="0"/><line number="131" hits="0"/><line number="133" hits="0"/><line number="134" hits="0"/><line number="135" hits="0"/><line number="136" hits="0"/><line number="137" hits="0"/><line number="138" hits="0"/><line number="140" hits="0"/><line number="141" hits="0"/><line number="143" hits="0"/><line number="144" hits="0"/><line number="145" hits="0"/><line number="147" hits="0"/><line number="148" hits="0"/><line number="150" hits="0"/><line number="152" hits="0"/><line number="157" hits="0"/><line number="158" hits="0"/><line number="159" hits="0"/><line number="160" hits="0"/><line number="162" hits="0"/><line number="163" hits="0"/><line number="164" hits="0"/><line number="165" hits="0"/><line number="166" hits="0"/><line number="167" hits="0"/><line number="172" hits="1"/><line number="173" hits="1"/><line number="174" hits="1"/><line number="178" hits="2"/><line number="181" hits="1"/><line number="182" hits="2"/><line number="184" hits="1"/><line number="185" hits="3"/><line number="186" hits="1"/><line number="190" hits="1"/><line number="191" hits="1"/><line number="193" hits="2"/><line number="195" hits="0"/><line number="200" hits="0"/><line number="203" hits="0"/><line number="204" hits="0"/><line number="205" hits="0"/><line number="207" hits="0"/><line number="208" hits="0"/><line number="209" hits="0"/><line number="210" hits="0"/><line number="211" hits="0"/><line number="212" hits="0"/><line number="213" hits="0"/><line number="219" hits="0"/><line number="220" hits="0"/><line number="221" hits="0"/><line number="222" hits="0"/><line number="223" hits="0"/><line number="224" hits="0"/><line number="230" hits="0"/><line number="231" hits="0"/><line number="232" hits="0"/><line number="233" hits="0"/><line number="235" hits="0"/><line number="237" hits="0"/><line number="238" hits="0"/><line number="239" hits="0"/><line number="240" hits="0"/><line number="241" hits="0"/><line number="245" hits="1"/><line number="246" hits="1"/><line number="248" hits="1"/><line number="249" hits="2"/><line number="253" hits="1"/><line number="254" hits="1"/><line number="256" hits="1"/><line number="260" hits="5"/><line number="261" hits="3"/><line number="264" hits="2"/><line number="268" hits="2"/><line number="270" hits="1"/><line number="271" hits="1"/><line number="272" hits="1"/><line number="273" hits="1"/><line number="274" hits="1"/><line number="275" hits="1"/><line number="276" hits="1"/><line number="284" hits="1"/><line number="285" hits="1"/><line number="286" hits="1"/><line number="288" hits="1"/><line number="289" hits="0"/><line number="296" hits="2"/><line number="297" hits="0"/><line number="301" hits="0"/><line number="306" hits="1"/><line number="307" hits="2"/><line number="309" hits="2"/><line number="310" hits="0"/><line number="316" hits="1"/><line number="317" hits="0"/><line number="321" hits="0"/><line number="328" hits="1"/><line number="330" hits="1"/><line number="331" hits="2"/><line number="333" hits="1"/><line number="334" hits="3"/><line number="336" hits="1"/><line number="337" hits="2"/><line number="339" hits="0"/><line number="343" hits="0"/><line number="345" hits="0"/><line number="347" hits="0"/><line number="350" hits="0"/><line number="351" hits="0"/><line number="352" hits="0"/><line number="363" hits="0"/><line number="364" hits="0"/><line number="367" hits="0"/><line number="368" hits="0"/><line number="376" hits="0"/><line number="384" hits="0"/><line number="385" hits="0"/><line number="386" hits="0"/><line number="388" hits="0"/><line number="389" hits="0"/><line number="390" hits="0"/><line number="391" hits="0"/><line number="392" hits="0"/><line number="393" hits="0"/><line number="394" hits="0"/><line number="395" hits="0"/><line number="396" hits="0"/><line number="398" hits="0"/><line number="402" hits="0"/><line number="406" hits="0"/></lines></class><class name="command_processor" filename="src/bin/tui/command_processor.rs" line-rate="0" branch-rate="0" complexity="0"><methods/><lines><line number="16" hits="0"/><line number="17" hits="0"/><line number="18" hits="0"/><line number="21" hits="0"/><line number="26" hits="0"/><line number="27" hits="0"/><line number="28" hits="0"/><line number="29" hits="0"/><line number="31" hits="0"/><line number="36" hits="0"/><line number="41" hits="0"/><line number="42" hits="0"/><line number="49" hits="0"/><line number="50" hits="0"/><line number="51" hits="0"/><line number="52" hits="0"/><line number="55" hits="0"/><line number="58" hits="0"/><line number="59" hits="0"/><line number="61" hits="0"/><line number="64" hits="0"/><line number="68" hits="0"/><line number="69" hits="0"/><line number="70" hits="0"/><line number="71" hits="0"/><line number="72" hits="0"/><line number="74" hits="0"/><line number="75" hits="0"/><line number="77" hits="0"/><line number="78" hits="0"/><line number="81" hits="0"/><line number="83" hits="0"/><line number="85" hits="0"/><line number="92" hits="0"/><line number="93" hits="0"/><line number="94" hits="0"/><line number="95" hits="0"/><line number="98" hits="0"/><line number="99" hits="0"/><line number="102" hits="0"/><line number="103" hits="0"/><line number="105" hits="0"/><line number="108" hits="0"/><line number="112" hits="0"/><line number="113" hits="0"/><line number="115" hits="0"/><line number="116" hits="0"/><line number="117" hits="0"/><line number="118" hits="0"/><line number="119" hits="0"/><line number="120" hits="0"/><line number="121" hits="0"/><line number="124" hits="0"/><line number="125" hits="0"/><line number="126" hits="0"/><line number="127" hits="0"/><line number="130" hits="0"/><line number="132" hits="0"/><line number="134" hits="0"/><line number="139" hits="0"/><line number="141" hits="0"/><line number="142" hits="0"/><line number="147" hits="0"/><line number="148" hits="0"/><line number="149" hits="0"/><line number="151" hits="0"/><line number="153" hits="0"/><line number="157" hits="0"/><line number="158" hits="0"/><line number="159" hits="0"/><line number="162" hits="0"/><line number="163" hits="0"/><line number="165" hits="0"/><line number="166" hits="0"/><line number="168" hits="0"/><line number="169" hits="0"/><line number="170" hits="0"/><line number="171" hits="0"/><line number="172" hits="0"/><line number="174" hits="0"/><line number="176" hits="0"/><line number="177" hits="0"/><line number="179" hits="0"/><line number="180" hits="0"/><line number="181" hits="0"/><line number="182" hits="0"/><line number="184" hits="0"/><line number="188" hits="0"/><line number="189" hits="0"/><line number="190" hits="0"/><line number="191" hits="0"/><line number="192" hits="0"/><line number="193" hits="0"/><line number="194" hits="0"/><line number="195" hits="0"/><line number="197" hits="0"/><line number="199" hits="0"/><line number="200" hits="0"/><line number="201" hits="0"/><line number="202" hits="0"/><line number="204" hits="0"/><line number="207" hits="0"/><line number="208" hits="0"/><line number="211" hits="0"/><line number="212" hits="0"/><line number="213" hits="0"/><line number="214" hits="0"/><line number="215" hits="0"/><line number="216" hits="0"/><line number="220" hits="0"/><line number="221" hits="0"/><line number="226" hits="0"/><line number="233" hits="0"/><line number="234" hits="0"/><line number="235" hits="0"/><line number="237" hits="0"/><line number="238" hits="0"/><line number="239" hits="0"/><line number="240" hits="0"/><line number="241" hits="0"/><line number="244" hits="0"/><line number="245" hits="0"/><line number="246" hits="0"/><line number="250" hits="0"/><line number="251" hits="0"/><line number="252" hits="0"/><line number="254" hits="0"/><line number="259" hits="0"/></lines></class><class name="event_source" filename="src/bin/tui/event_source.rs" line-rate="0" branch-rate="0" complexity="0"><methods/><lines><line number="23" hits="0"/><line number="24" hits="0"/><line number="27" hits="0"/><line number="28" hits="0"/><line number="30" hits="0"/><line number="31" hits="0"/><line number="32" hits="0"/><line number="34" hits="0"/><line number="35" hits="0"/><line number="41" hits="0"/></lines></class><class name="input_processor" filename="src/bin/tui/input_processor.rs" line-rate="0" branch-rate="0" complexity="0"><methods/><lines><line number="10" hits="0"/><line number="16" hits="0"/><line number="17" hits="0"/><line number="22" hits="0"/><line number="24" hits="0"/><line number="25" hits="0"/><line number="26" hits="0"/><line number="28" hits="0"/><line number="30" hits="0"/><line number="31" hits="0"/><line number="32" hits="0"/><line number="33" hits="0"/><line number="35" hits="0"/><line number="39" hits="0"/><line number="43" hits="0"/><line number="44" hits="0"/><line number="45" hits="0"/><line number="49" hits="0"/><line number="50" hits="0"/><line number="52" hits="0"/><line number="54" hits="0"/><line number="55" hits="0"/><line number="57" hits="0"/><line number="58" hits="0"/><line number="59" hits="0"/><line number="60" hits="0"/><line number="61" hits="0"/><line number="62" hits="0"/><line number="63" hits="0"/><line number="64" hits="0"/><line number="65" hits="0"/><line number="67" hits="0"/><line number="69" hits="0"/><line number="70" hits="0"/><line number="71" hits="0"/><line number="72" hits="0"/><line number="74" hits="0"/><line number="76" hits="0"/><line number="77" hits="0"/><line number="78" hits="0"/><line number="79" hits="0"/><line number="80" hits="0"/><line number="83" hits="0"/><line number="84" hits="0"/><line number="85" hits="0"/><line number="86" hits="0"/><line number="87" hits="0"/><line number="88" hits="0"/><line number="89" hits="0"/><line number="91" hits="0"/><line number="93" hits="0"/><line number="94" hits="0"/><line number="95" hits="0"/><line number="99" hits="0"/><line number="100" hits="0"/><line number="101" hits="0"/><line number="102" hits="0"/><line number="105" hits="0"/><line number="107" hits="0"/><line number="111" hits="0"/><line number="115" hits="0"/><line number="116" hits="0"/><line number="118" hits="0"/><line number="119" hits="0"/><line number="120" hits="0"/><line number="125" hits="0"/><line number="131" hits="0"/><line number="132" hits="0"/><line number="133" hits="0"/><line number="135" hits="0"/><line number="136" hits="0"/><line number="138" hits="0"/><line number="139" hits="0"/><line number="141" hits="0"/><line number="142" hits="0"/><line number="143" hits="0"/><line number="144" hits="0"/><line number="146" hits="0"/><line number="147" hits="0"/><line number="148" hits="0"/><line number="149" hits="0"/><line number="155" hits="0"/><line number="161" hits="0"/><line number="162" hits="0"/><line number="164" hits="0"/><line number="165" hits="0"/><line number="167" hits="0"/><line number="168" hits="0"/><line number="169" hits="0"/><line number="172" hits="0"/><line number="173" hits="0"/><line number="174" hits="0"/><line number="175" hits="0"/><line number="176" hits="0"/><line number="178" hits="0"/><line number="179" hits="0"/><line number="180" hits="0"/><line number="183" hits="0"/><line number="185" hits="0"/><line number="186" hits="0"/><line number="188" hits="0"/><line number="189" hits="0"/><line number="192" hits="0"/><line number="195" hits="0"/><line number="196" hits="0"/><line number="197" hits="0"/><line number="198" hits="0"/><line number="199" hits="0"/><line number="202" hits="0"/><line number="204" hits="0"/><line number="212" hits="0"/><line number="215" hits="0"/><line number="218" hits="0"/><line number="219" hits="0"/><line number="221" hits="0"/><line number="222" hits="0"/><line number="224" hits="0"/><line number="225" hits="0"/><line number="229" hits="0"/><line number="231" hits="0"/><line number="233" hits="0"/><line number="234" hits="0"/><line number="237" hits="0"/><line number="238" hits="0"/><line number="239" hits="0"/><line number="243" hits="0"/><line number="244" hits="0"/><line number="245" hits="0"/><line number="249" hits="0"/><line number="254" hits="0"/><line number="256" hits="0"/><line number="258" hits="0"/><line number="259" hits="0"/><line number="260" hits="0"/><line number="261" hits="0"/><line number="266" hits="0"/><line number="267" hits="0"/><line number="269" hits="0"/><line number="272" hits="0"/><line number="273" hits="0"/><line number="274" hits="0"/><line number="276" hits="0"/><line number="277" hits="0"/><line number="280" hits="0"/><line number="281" hits="0"/><line number="282" hits="0"/><line number="283" hits="0"/><line number="287" hits="0"/><line number="290" hits="0"/><line number="297" hits="0"/><line number="298" hits="0"/><line number="303" hits="0"/><line number="309" hits="0"/><line number="310" hits="0"/><line number="311" hits="0"/><line number="313" hits="0"/><line number="314" hits="0"/><line number="315" hits="0"/></lines></class><class name="main_loop" filename="src/bin/tui/main_loop.rs" line-rate="0" branch-rate="0" complexity="0"><methods/><lines><line number="29" hits="0"/><line number="40" hits="0"/><line number="41" hits="0"/><line number="42" hits="0"/><line number="48" hits="0"/><line number="49" hits="0"/><line number="51" hits="0"/><line number="52" hits="0"/><line number="53" hits="0"/><line number="56" hits="0"/><line number="59" hits="0"/><line number="60" hits="0"/><line number="61" hits="0"/><line number="64" hits="0"/><line number="66" hits="0"/><line number="67" hits="0"/><line number="68" hits="0"/><line number="69" hits="0"/><line number="70" hits="0"/><line number="71" hits="0"/><line number="73" hits="0"/><line number="74" hits="0"/><line number="76" hits="0"/><line number="77" hits="0"/><line number="80" hits="0"/><line number="83" hits="0"/><line number="84" hits="0"/><line number="85" hits="0"/><line number="90" hits="0"/><line number="92" hits="0"/><line number="94" hits="0"/><line number="95" hits="0"/><line number="96" hits="0"/><line number="98" hits="0"/><line number="100" hits="0"/><line number="104" hits="0"/><line number="105" hits="0"/><line number="106" hits="0"/><line number="109" hits="0"/><line number="111" hits="0"/><line number="115" hits="0"/><line number="116" hits="0"/><line number="117" hits="0"/><line number="119" hits="0"/><line number="121" hits="0"/><line number="122" hits="0"/><line number="124" hits="0"/><line number="126" hits="0"/><line number="127" hits="0"/><line number="131" hits="0"/><line number="132" hits="0"/><line number="133" hits="0"/><line number="136" hits="0"/><line number="140" hits="0"/><line number="142" hits="0"/><line number="143" hits="0"/><line number="144" hits="0"/><line number="145" hits="0"/><line number="146" hits="0"/><line number="147" hits="0"/><line number="149" hits="0"/><line number="150" hits="0"/><line number="152" hits="0"/><line number="155" hits="0"/><line number="158" hits="0"/><line number="160" hits="0"/><line number="161" hits="0"/><line number="165" hits="0"/><line number="166" hits="0"/><line number="167" hits="0"/><line number="169" hits="0"/><line number="170" hits="0"/><line number="171" hits="0"/><line number="172" hits="0"/><line number="173" hits="0"/><line number="174" hits="0"/><line number="175" hits="0"/><line number="176" hits="0"/><line number="177" hits="0"/><line number="178" hits="0"/><line number="179" hits="0"/><line number="180" hits="0"/><line number="181" hits="0"/><line number="185" hits="0"/><line number="186" hits="0"/><line number="190" hits="0"/><line number="194" hits="0"/><line number="198" hits="0"/><line number="199" hits="0"/><line number="200" hits="0"/><line number="201" hits="0"/><line number="202" hits="0"/><line number="206" hits="0"/><line number="208" hits="0"/><line number="211" hits="0"/><line number="212" hits="0"/><line number="213" hits="0"/><line number="214" hits="0"/><line number="215" hits="0"/><line number="217" hits="0"/><line number="218" hits="0"/><line number="221" hits="0"/><line number="222" hits="0"/><line number="223" hits="0"/><line number="224" hits="0"/><line number="226" hits="0"/><line number="227" hits="0"/><line number="230" hits="0"/><line number="231" hits="0"/><line number="232" hits="0"/><line number="233" hits="0"/><line number="235" hits="0"/><line number="236" hits="0"/><line number="239" hits="0"/><line number="240" hits="0"/><line number="241" hits="0"/><line number="242" hits="0"/><line number="244" hits="0"/><line number="245" hits="0"/><line number="251" hits="0"/><line number="254" hits="0"/><line number="255" hits="0"/><line number="256" hits="0"/><line number="259" hits="0"/><line number="260" hits="0"/><line number="264" hits="0"/><line number="266" hits="0"/></lines></class><class name="message_handlers" filename="src/bin/tui/message_handlers.rs" line-rate="0" branch-rate="0" complexity="0"><methods/><lines><line number="8" hits="0"/><line number="14" hits="0"/><line number="15" hits="0"/><line number="16" hits="0"/><line number="18" hits="0"/><line number="20" hits="0"/><line number="22" hits="0"/><line number="23" hits="0"/><line number="25" hits="0"/><line number="26" hits="0"/><line number="27" hits="0"/><line number="28" hits="0"/><line number="29" hits="0"/><line number="30" hits="0"/><line number="33" hits="0"/><line number="35" hits="0"/><line number="36" hits="0"/><line number="37" hits="0"/><line number="38" hits="0"/><line number="39" hits="0"/><line number="40" hits="0"/><line number="42" hits="0"/><line number="44" hits="0"/><line number="45" hits="0"/><line number="46" hits="0"/><line number="47" hits="0"/><line number="48" hits="0"/><line number="51" hits="0"/><line number="54" hits="0"/><line number="55" hits="0"/><line number="56" hits="0"/><line number="57" hits="0"/><line number="58" hits="0"/><line number="59" hits="0"/><line number="61" hits="0"/><line number="64" hits="0"/><line number="66" hits="0"/><line number="67" hits="0"/><line number="68" hits="0"/><line number="69" hits="0"/><line number="70" hits="0"/><line number="71" hits="0"/><line number="72" hits="0"/><line number="73" hits="0"/><line number="74" hits="0"/><line number="76" hits="0"/><line number="79" hits="0"/><line number="80" hits="0"/><line number="81" hits="0"/><line number="82" hits="0"/><line number="83" hits="0"/><line number="85" hits="0"/><line number="88" hits="0"/><line number="90" hits="0"/><line number="93" hits="0"/><line number="94" hits="0"/><line number="95" hits="0"/><line number="98" hits="0"/><line number="99" hits="0"/><line number="100" hits="0"/><line number="101" hits="0"/><line number="102" hits="0"/><line number="103" hits="0"/><line number="105" hits="0"/></lines></class><class name="presentation" filename="src/bin/tui/presentation.rs" line-rate="0.7441860465116279" branch-rate="0" complexity="0"><methods/><lines><line number="4" hits="1"/><line number="9" hits="1"/><line number="11" hits="2"/><line number="12" hits="2"/><line number="13" hits="1"/><line number="14" hits="1"/><line number="16" hits="1"/><line number="19" hits="1"/><line number="22" hits="1"/><line number="27" hits="1"/><line number="28" hits="1"/><line number="29" hits="3"/><line number="30" hits="1"/><line number="32" hits="1"/><line number="36" hits="1"/><line number="40" hits="1"/><line number="41" hits="2"/><line number="42" hits="1"/><line number="46" hits="0"/><line number="47" hits="0"/><line number="49" hits="0"/><line number="50" hits="0"/><line number="52" hits="0"/><line number="53" hits="0"/><line number="54" hits="0"/><line number="55" hits="0"/><line number="56" hits="0"/><line number="57" hits="0"/><line number="61" hits="0"/><line number="64" hits="1"/><line number="70" hits="1"/><line number="71" hits="1"/><line number="73" hits="1"/><line number="75" hits="1"/><line number="79" hits="1"/><line number="80" hits="1"/><line number="82" hits="3"/><line number="87" hits="1"/><line number="93" hits="1"/><line number="95" hits="3"/><line number="97" hits="2"/><line number="99" hits="3"/><line number="100" hits="1"/></lines></class><class name="scroll_handlers" filename="src/bin/tui/scroll_handlers.rs" line-rate="0" branch-rate="0" complexity="0"><methods/><lines><line number="7" hits="0"/><line number="8" hits="0"/><line number="10" hits="0"/><line number="11" hits="0"/><line number="12" hits="0"/><line number="13" hits="0"/><line number="14" hits="0"/><line number="17" hits="0"/><line number="18" hits="0"/><line number="19" hits="0"/><line number="21" hits="0"/><line number="23" hits="0"/><line number="24" hits="0"/><line number="25" hits="0"/><line number="27" hits="0"/><line number="32" hits="0"/><line number="38" hits="0"/><line number="39" hits="0"/><line number="40" hits="0"/><line number="41" hits="0"/><line number="42" hits="0"/><line number="43" hits="0"/><line number="44" hits="0"/><line number="48" hits="0"/><line number="49" hits="0"/><line number="50" hits="0"/><line number="53" hits="0"/><line number="54" hits="0"/><line number="58" hits="0"/><line number="63" hits="0"/><line number="66" hits="0"/><line number="70" hits="0"/><line number="74" hits="0"/><line number="75" hits="0"/><line number="77" hits="0"/><line number="78" hits="0"/><line number="80" hits="0"/><line number="81" hits="0"/><line number="86" hits="0"/><line number="87" hits="0"/><line number="88" hits="0"/><line number="90" hits="0"/><line number="92" hits="0"/><line number="93" hits="0"/><line number="95" hits="0"/><line number="96" hits="0"/><line number="101" hits="0"/><line number="102" hits="0"/><line number="105" hits="0"/><line number="106" hits="0"/><line number="107" hits="0"/><line number="108" hits="0"/><line number="109" hits="0"/><line number="110" hits="0"/><line number="111" hits="0"/><line number="112" hits="0"/><line number="116" hits="0"/><line number="117" hits="0"/><line number="118" hits="0"/><line number="121" hits="0"/><line number="122" hits="0"/><line number="126" hits="0"/><line number="127" hits="0"/><line number="128" hits="0"/><line number="131" hits="0"/><line number="132" hits="0"/><line number="138" hits="0"/><line number="139" hits="0"/><line number="140" hits="0"/><line number="141" hits="0"/><line number="144" hits="0"/><line number="146" hits="0"/><line number="153" hits="0"/><line number="154" hits="0"/><line number="155" hits="0"/><line number="156" hits="0"/><line number="157" hits="0"/><line number="159" hits="0"/><line number="160" hits="0"/><line number="161" hits="0"/><line number="162" hits="0"/><line number="163" hits="0"/><line number="165" hits="0"/><line number="168" hits="0"/><line number="169" hits="0"/><line number="171" hits="0"/><line number="172" hits="0"/><line number="178" hits="0"/><line number="179" hits="0"/><line number="182" hits="0"/><line number="186" hits="0"/><line number="190" hits="0"/><line number="192" hits="0"/><line number="195" hits="0"/><line number="197" hits="0"/><line number="198" hits="0"/><line number="199" hits="0"/><line number="201" hits="0"/><line number="204" hits="0"/><line number="205" hits="0"/><line number="213" hits="0"/><line number="214" hits="0"/><line number="215" hits="0"/><line number="218" hits="0"/><line number="221" hits="0"/><line number="223" hits="0"/><line number="224" hits="0"/><line number="225" hits="0"/><line number="227" hits="0"/><line number="230" hits="0"/><line number="231" hits="0"/><line number="239" hits="0"/><line number="240" hits="0"/><line number="243" hits="0"/><line number="246" hits="0"/><line number="247" hits="0"/><line number="249" hits="0"/><line number="255" hits="0"/><line number="257" hits="0"/><line number="260" hits="0"/><line number="262" hits="0"/><line number="263" hits="0"/><line number="264" hits="0"/><line number="266" hits="0"/><line number="269" hits="0"/><line number="270" hits="0"/><line number="271" hits="0"/><line number="278" hits="0"/><line number="279" hits="0"/><line number="281" hits="0"/><line number="282" hits="0"/><line number="283" hits="0"/><line number="284" hits="0"/><line number="285" hits="0"/><line number="286" hits="0"/><line number="288" hits="0"/><line number="292" hits="0"/><line number="295" hits="0"/></lines></class><class name="state" filename="src/bin/tui/state.rs" line-rate="0.3695652173913043" branch-rate="0" complexity="0"><methods/><lines><line number="99" hits="1"/><line number="100" hits="1"/><line number="103" hits="0"/><line number="104" hits="0"/><line number="105" hits="0"/><line number="109" hits="3"/><line number="128" hits="3"/><line number="129" hits="3"/><line number="132" hits="3"/><line number="134" hits="3"/><line number="144" hits="3"/><line number="148" hits="3"/><line number="149" hits="3"/><line number="150" hits="3"/><line number="151" hits="3"/><line number="152" hits="3"/><line number="153" hits="3"/><line number="154" hits="3"/><line number="155" hits="3"/><line number="163" hits="3"/><line number="179" hits="0"/><line number="186" hits="0"/><line number="187" hits="0"/><line number="188" hits="0"/><line number="189" hits="0"/><line number="190" hits="0"/><line number="191" hits="0"/><line number="194" hits="0"/><line number="196" hits="0"/><line number="198" hits="0"/><line number="199" hits="0"/><line number="202" hits="0"/><line number="204" hits="0"/><line number="205" hits="0"/><line number="206" hits="0"/><line number="208" hits="0"/><line number="209" hits="0"/><line number="212" hits="0"/><line number="213" hits="0"/><line number="214" hits="0"/><line number="216" hits="0"/><line number="217" hits="0"/><line number="218" hits="0"/><line number="220" hits="0"/><line number="224" hits="0"/><line number="226" hits="0"/></lines></class></classes></package><package name="src/bin/tui/render_loop" line-rate="0" branch-rate="0" complexity="0"><classes><class name="layout" filename="src/bin/tui/render_loop/layout.rs" line-rate="0" branch-rate="0" complexity="0"><methods/><lines><line number="11" hits="0"/><line number="12" hits="0"/><line number="13" hits="0"/><line number="14" hits="0"/><line number="15" hits="0"/><line number="16" hits="0"/><line number="20" hits="0"/><line number="21" hits="0"/><line number="22" hits="0"/><line number="26" hits="0"/><line number="32" hits="0"/><line number="33" hits="0"/><line number="35" hits="0"/><line number="38" hits="0"/><line number="40" hits="0"/><line number="41" hits="0"/><line number="42" hits="0"/><line number="43" hits="0"/><line number="44" hits="0"/><line number="45" hits="0"/><line number="46" hits="0"/><line number="48" hits="0"/><line number="53" hits="0"/><line number="57" hits="0"/><line number="61" hits="0"/><line number="62" hits="0"/><line number="63" hits="0"/><line number="64" hits="0"/></lines></class><class name="mod" filename="src/bin/tui/render_loop/mod.rs" line-rate="0" branch-rate="0" complexity="0"><methods/><lines><line number="19" hits="0"/><line number="20" hits="0"/><line number="21" hits="0"/><line number="22" hits="0"/><line number="23" hits="0"/><line number="24" hits="0"/><line number="25" hits="0"/><line number="26" hits="0"/><line number="27" hits="0"/><line number="28" hits="0"/><line number="30" hits="0"/><line number="32" hits="0"/><line number="33" hits="0"/><line number="34" hits="0"/><line number="35" hits="0"/><line number="37" hits="0"/><line number="38" hits="0"/><line number="40" hits="0"/><line number="41" hits="0"/><line number="43" hits="0"/><line number="46" hits="0"/><line number="48" hits="0"/><line number="49" hits="0"/><line number="52" hits="0"/><line number="56" hits="0"/><line number="57" hits="0"/><line number="58" hits="0"/><line number="60" hits="0"/><line number="61" hits="0"/><line number="65" hits="0"/><line number="70" hits="0"/><line number="71" hits="0"/><line number="72" hits="0"/><line number="74" hits="0"/><line number="75" hits="0"/><line number="76" hits="0"/><line number="77" hits="0"/><line number="80" hits="0"/><line number="81" hits="0"/><line number="83" hits="0"/><line number="84" hits="0"/><line number="85" hits="0"/><line number="86" hits="0"/><line number="88" hits="0"/><line number="89" hits="0"/><line number="90" hits="0"/><line number="94" hits="0"/><line number="99" hits="0"/><line number="100" hits="0"/><line number="103" hits="0"/><line number="105" hits="0"/><line number="106" hits="0"/><line number="110" hits="0"/><line number="111" hits="0"/><line number="112" hits="0"/><line number="114" hits="0"/><line number="115" hits="0"/></lines></class><class name="tab_renderers" filename="src/bin/tui/render_loop/tab_renderers.rs" line-rate="0" branch-rate="0" complexity="0"><methods/><lines><line number="17" hits="0"/><line number="24" hits="0"/><line number="26" hits="0"/><line number="27" hits="0"/><line number="28" hits="0"/><line number="32" hits="0"/><line number="33" hits="0"/><line number="35" hits="0"/><line number="38" hits="0"/><line number="40" hits="0"/><line number="41" hits="0"/><line number="42" hits="0"/><line number="43" hits="0"/><line number="44" hits="0"/><line number="45" hits="0"/><line number="47" hits="0"/><line number="48" hits="0"/><line number="49" hits="0"/><line number="51" hits="0"/><line number="52" hits="0"/><line number="53" hits="0"/><line number="55" hits="0"/><line number="56" hits="0"/><line number="57" hits="0"/><line number="59" hits="0"/><line number="64" hits="0"/><line number="66" hits="0"/><line number="67" hits="0"/><line number="68" hits="0"/><line number="69" hits="0"/><line number="70" hits="0"/><line number="71" hits="0"/><line number="72" hits="0"/><line number="73" hits="0"/><line number="75" hits="0"/><line number="76" hits="0"/><line number="77" hits="0"/><line number="78" hits="0"/><line number="80" hits="0"/><line number="82" hits="0"/><line number="84" hits="0"/><line number="85" hits="0"/><line number="86" hits="0"/><line number="87" hits="0"/><line number="89" hits="0"/><line number="93" hits="0"/><line number="94" hits="0"/><line number="96" hits="0"/><line number="100" hits="0"/><line number="101" hits="0"/><line number="103" hits="0"/><line number="104" hits="0"/><line number="105" hits="0"/><line number="106" hits="0"/><line number="107" hits="0"/><line number="108" hits="0"/><line number="109" hits="0"/><line number="111" hits="0"/><line number="115" hits="0"/><line number="116" hits="0"/><line number="117" hits="0"/><line number="118" hits="0"/><line number="120" hits="0"/><line number="124" hits="0"/><line number="132" hits="0"/><line number="133" hits="0"/><line number="134" hits="0"/><line number="136" hits="0"/><line number="140" hits="0"/><line number="143" hits="0"/><line number="144" hits="0"/><line number="145" hits="0"/><line number="148" hits="0"/><line number="150" hits="0"/><line number="151" hits="0"/><line number="154" hits="0"/><line number="155" hits="0"/><line number="156" hits="0"/><line number="157" hits="0"/><line number="159" hits="0"/><line number="160" hits="0"/><line number="161" hits="0"/><line number="163" hits="0"/><line number="164" hits="0"/><line number="166" hits="0"/><line number="169" hits="0"/><line number="173" hits="0"/><line number="174" hits="0"/><line number="176" hits="0"/><line number="179" hits="0"/><line number="180" hits="0"/><line number="182" hits="0"/><line number="183" hits="0"/><line number="184" hits="0"/><line number="194" hits="0"/><line number="196" hits="0"/><line number="198" hits="0"/><line number="199" hits="0"/><line number="201" hits="0"/><line number="202" hits="0"/><line number="204" hits="0"/><line number="208" hits="0"/><line number="209" hits="0"/><line number="210" hits="0"/><line number="212" hits="0"/><line number="214" hits="0"/><line number="218" hits="0"/><line number="219" hits="0"/><line number="220" hits="0"/><line number="222" hits="0"/><line number="223" hits="0"/><line number="224" hits="0"/><line number="225" hits="0"/><line number="227" hits="0"/><line number="229" hits="0"/><line number="230" hits="0"/><line number="231" hits="0"/><line number="232" hits="0"/><line number="234" hits="0"/><line number="237" hits="0"/><line number="238" hits="0"/><line number="240" hits="0"/><line number="241" hits="0"/><line number="242" hits="0"/><line number="245" hits="0"/><line number="253" hits="0"/><line number="255" hits="0"/><line number="257" hits="0"/><line number="258" hits="0"/><line number="260" hits="0"/><line number="261" hits="0"/><line number="263" hits="0"/><line number="265" hits="0"/><line number="267" hits="0"/><line number="268" hits="0"/><line number="270" hits="0"/><line number="271" hits="0"/><line number="272" hits="0"/><line number="273" hits="0"/><line number="275" hits="0"/><line number="276" hits="0"/><line number="277" hits="0"/><line number="278" hits="0"/><line number="280" hits="0"/><line number="283" hits="0"/><line number="285" hits="0"/><line number="287" hits="0"/><line number="289" hits="0"/><line number="290" hits="0"/><line number="292" hits="0"/><line number="293" hits="0"/><line number="294" hits="0"/><line number="295" hits="0"/><line number="297" hits="0"/><line number="298" hits="0"/><line number="299" hits="0"/><line number="300" hits="0"/><line number="302" hits="0"/><line number="306" hits="0"/><line number="307" hits="0"/><line number="308" hits="0"/><line number="309" hits="0"/><line number="310" hits="0"/><line number="311" hits="0"/><line number="312" hits="0"/><line number="314" hits="0"/><line number="316" hits="0"/><line number="318" hits="0"/><line number="319" hits="0"/><line number="320" hits="0"/><line number="321" hits="0"/><line number="322" hits="0"/><line number="323" hits="0"/><line number="324" hits="0"/><line number="326" hits="0"/><line number="328" hits="0"/><line number="333" hits="0"/><line number="340" hits="0"/><line number="341" hits="0"/><line number="342" hits="0"/><line number="344" hits="0"/><line number="345" hits="0"/><line number="346" hits="0"/><line number="347" hits="0"/><line number="353" hits="0"/><line number="354" hits="0"/><line number="358" hits="0"/><line number="359" hits="0"/><line number="363" hits="0"/><line number="364" hits="0"/><line number="365" hits="0"/><line number="368" hits="0"/><line number="370" hits="0"/></lines></class><class name="visibility" filename="src/bin/tui/render_loop/visibility.rs" line-rate="0" branch-rate="0" complexity="0"><methods/><lines><line number="5" hits="0"/><line number="16" hits="0"/><line number="17" hits="0"/><line number="18" hits="0"/><line number="21" hits="0"/><line number="22" hits="0"/><line number="23" hits="0"/><line number="25" hits="0"/><line number="26" hits="0"/><line number="30" hits="0"/><line number="34" hits="0"/><line number="35" hits="0"/><line number="36" hits="0"/><line number="37" hits="0"/><line number="38" hits="0"/><line number="39" hits="0"/><line number="41" hits="0"/><line number="42" hits="0"/><line number="44" hits="0"/><line number="47" hits="0"/><line number="56" hits="0"/><line number="57" hits="0"/><line number="59" hits="0"/><line number="60" hits="0"/><line number="61" hits="0"/><line number="62" hits="0"/><line number="63" hits="0"/><line number="64" hits="0"/><line number="66" hits="0"/><line number="67" hits="0"/><line number="69" hits="0"/><line number="73" hits="0"/><line number="80" hits="0"/><line number="82" hits="0"/><line number="87" hits="0"/><line number="92" hits="0"/><line number="99" hits="0"/><line number="101" hits="0"/><line number="106" hits="0"/><line number="111" hits="0"/><line number="112" hits="0"/><line number="113" hits="0"/><line number="115" hits="0"/><line number="116" hits="0"/><line number="119" hits="0"/><line number="120" hits="0"/><line number="121" hits="0"/><line number="122" hits="0"/><line number="123" hits="0"/><line number="126" hits="0"/><line number="129" hits="0"/></lines></class></classes></package><package name="src" line-rate="0.3564397046759639" branch-rate="0" complexity="0"><classes><class name="behavior" filename="src/behavior.rs" line-rate="0" branch-rate="0" complexity="0"><methods/><lines><line number="73" hits="0"/><line number="75" hits="0"/><line number="78" hits="0"/><line number="82" hits="0"/><line number="88" hits="0"/><line number="92" hits="0"/><line number="98" hits="0"/><line number="102" hits="0"/><line number="109" hits="0"/><line number="110" hits="0"/><line number="116" hits="0"/><line number="119" hits="0"/><line number="124" hits="0"/><line number="125" hits="0"/></lines></class><class name="db" filename="src/db.rs" line-rate="0.6896551724137931" branch-rate="0" complexity="0"><methods/><lines><line number="31" hits="6"/><line number="32" hits="16"/><line number="51" hits="4"/><line number="52" hits="4"/><line number="54" hits="4"/><line number="58" hits="8"/><line number="59" hits="4"/><line number="60" hits="0"/><line number="61" hits="0"/><line number="62" hits="0"/><line number="63" hits="0"/><line number="68" hits="8"/><line number="69" hits="4"/><line number="72" hits="4"/><line number="74" hits="8"/><line number="75" hits="8"/><line number="76" hits="4"/><line number="84" hits="3"/><line number="85" hits="3"/><line number="86" hits="6"/><line number="91" hits="6"/><line number="92" hits="9"/><line number="93" hits="6"/><line number="104" hits="3"/><line number="112" hits="4"/><line number="116" hits="8"/><line number="117" hits="4"/><line number="118" hits="8"/><line number="120" hits="0"/><line number="122" hits="4"/><line number="125" hits="4"/><line number="126" hits="8"/><line number="129" hits="8"/><line number="139" hits="2"/><line number="140" hits="2"/><line number="143" hits="2"/><line number="144" hits="0"/><line number="148" hits="2"/><line number="152" hits="2"/><line number="155" hits="2"/><line number="156" hits="2"/><line number="159" hits="0"/><line number="160" hits="0"/><line number="161" hits="0"/><line number="162" hits="0"/><line number="163" hits="0"/><line number="167" hits="0"/><line number="174" hits="0"/><line number="177" hits="0"/><line number="182" hits="2"/><line number="186" hits="4"/><line number="187" hits="2"/><line number="188" hits="2"/><line number="189" hits="2"/><line number="191" hits="1"/><line number="192" hits="2"/><line number="193" hits="2"/><line number="195" hits="1"/><line number="201" hits="2"/><line number="206" hits="2"/><line number="207" hits="4"/><line number="208" hits="2"/><line number="211" hits="4"/><line number="213" hits="4"/><line number="214" hits="2"/><line number="215" hits="2"/><line number="216" hits="8"/><line number="217" hits="8"/><line number="219" hits="0"/><line number="223" hits="4"/><line number="226" hits="2"/><line number="227" hits="4"/><line number="228" hits="4"/><line number="230" hits="2"/><line number="231" hits="0"/><line number="236" hits="4"/><line number="238" hits="2"/><line number="241" hits="2"/><line number="251" hits="0"/><line number="254" hits="0"/><line number="258" hits="0"/><line number="260" hits="0"/><line number="261" hits="0"/><line number="262" hits="0"/><line number="266" hits="0"/><line number="267" hits="0"/><line number="269" hits="0"/><line number="270" hits="0"/><line number="271" hits="0"/><line number="273" hits="0"/><line number="274" hits="0"/><line number="275" hits="0"/><line number="276" hits="0"/><line number="277" hits="0"/><line number="279" hits="0"/><line number="280" hits="0"/><line number="281" hits="0"/><line number="284" hits="0"/><line number="285" hits="0"/><line number="297" hits="6"/><line number="298" hits="6"/><line number="300" hits="10"/><line number="301" hits="12"/><line number="302" hits="8"/><line number="304" hits="4"/><line number="307" hits="3"/><line number="308" hits="2"/><line number="310" hits="0"/><line number="313" hits="2"/><line number="314" hits="5"/><line number="315" hits="2"/><line number="317" hits="2"/><line number="322" hits="3"/><line number="323" hits="9"/><line number="324" hits="6"/><line number="325" hits="6"/><line number="326" hits="0"/><line number="335" hits="3"/><line number="336" hits="3"/><line number="337" hits="3"/><line number="338" hits="9"/><line number="339" hits="9"/><line number="340" hits="2"/><line number="341" hits="1"/><line number="342" hits="1"/><line number="344" hits="0"/><line number="345" hits="0"/><line number="351" hits="6"/><line number="353" hits="3"/><line number="354" hits="6"/><line number="355" hits="3"/><line number="362" hits="6"/><line number="363" hits="3"/><line number="364" hits="3"/><line number="365" hits="3"/><line number="367" hits="3"/><line number="368" hits="6"/><line number="371" hits="0"/><line number="372" hits="0"/><line number="377" hits="0"/><line number="378" hits="0"/><line number="382" hits="3"/><line number="386" hits="3"/><line number="387" hits="3"/><line number="388" hits="6"/></lines></class><class name="fmt" filename="src/fmt.rs" line-rate="1" branch-rate="0" complexity="0"><methods/><lines><line number="8" hits="3"/><line number="9" hits="2"/><line number="14" hits="2"/><line number="15" hits="2"/><line number="20" hits="2"/><line number="21" hits="2"/><line number="30" hits="3"/><line number="32" hits="3"/><line number="33" hits="3"/><line number="36" hits="3"/><line number="37" hits="3"/><line number="42" hits="6"/><line number="43" hits="12"/><line number="54" hits="6"/><line number="60" hits="5"/><line number="61" hits="13"/><line number="63" hits="12"/><line number="70" hits="2"/><line number="71" hits="2"/><line number="78" hits="2"/><line number="79" hits="2"/><line number="84" hits="8"/><line number="85" hits="8"/><line number="86" hits="6"/><line number="88" hits="6"/><line number="91" hits="5"/><line number="92" hits="6"/><line number="93" hits="2"/><line number="94" hits="4"/><line number="95" hits="2"/><line number="97" hits="2"/><line number="100" hits="2"/></lines></class><class name="logging" filename="src/logging.rs" line-rate="0.2826086956521739" branch-rate="0" complexity="0"><methods/><lines><line number="30" hits="0"/><line number="31" hits="0"/><line number="32" hits="0"/><line number="33" hits="0"/><line number="35" hits="0"/><line number="36" hits="0"/><line number="37" hits="0"/><line number="38" hits="0"/><line number="39" hits="0"/><line number="41" hits="0"/><line number="44" hits="0"/><line number="45" hits="0"/><line number="47" hits="0"/><line number="48" hits="0"/><line number="49" hits="0"/><line number="53" hits="0"/><line number="54" hits="0"/><line number="63" hits="0"/><line number="64" hits="0"/><line number="65" hits="0"/><line number="67" hits="0"/><line number="71" hits="0"/><line number="72" hits="0"/><line number="75" hits="0"/><line number="76" hits="0"/><line number="79" hits="0"/><line number="80" hits="0"/><line number="83" hits="0"/><line number="84" hits="0"/><line number="93" hits="0"/><line number="97" hits="0"/><line number="100" hits="0"/><line number="101" hits="0"/><line number="104" hits="0"/><line number="105" hits="0"/><line number="106" hits="0"/><line number="109" hits="0"/><line number="118" hits="0"/><line number="122" hits="0"/><line number="126" hits="0"/><line number="129" hits="0"/><line number="130" hits="0"/><line number="131" hits="0"/><line number="132" hits="0"/><line number="133" hits="0"/><line number="134" hits="0"/><line number="140" hits="0"/><line number="141" hits="0"/><line number="142" hits="0"/><line number="144" hits="0"/><line number="149" hits="1"/><line number="150" hits="1"/><line number="151" hits="2"/><line number="152" hits="2"/><line number="154" hits="2"/><line number="155" hits="0"/><line number="157" hits="0"/><line number="158" hits="0"/><line number="159" hits="0"/><line number="163" hits="2"/><line number="164" hits="0"/><line number="166" hits="2"/><line number="171" hits="7"/><line number="172" hits="14"/><line number="173" hits="7"/><line number="175" hits="14"/><line number="176" hits="0"/><line number="178" hits="0"/><line number="179" hits="0"/><line number="180" hits="0"/><line number="184" hits="14"/><line number="185" hits="0"/><line number="187" hits="14"/><line number="192" hits="7"/><line number="193" hits="7"/><line number="197" hits="0"/><line number="198" hits="0"/><line number="202" hits="0"/><line number="203" hits="0"/><line number="207" hits="0"/><line number="208" hits="0"/><line number="214" hits="7"/><line number="215" hits="7"/><line number="216" hits="7"/><line number="217" hits="14"/><line number="218" hits="9"/><line number="219" hits="4"/><line number="220" hits="2"/><line number="221" hits="8"/><line number="222" hits="4"/><line number="225" hits="4"/><line number="228" hits="2"/></lines></class><class name="logging_config" filename="src/logging_config.rs" line-rate="1" branch-rate="0" complexity="0"><methods/><lines><line number="25" hits="1"/><line number="27" hits="6"/><line number="28" hits="1"/><line number="29" hits="6"/><line number="30" hits="1"/><line number="31" hits="6"/><line number="32" hits="1"/><line number="33" hits="6"/><line number="34" hits="1"/><line number="35" hits="6"/><line number="36" hits="1"/><line number="37" hits="6"/></lines></class><class name="messages" filename="src/messages.rs" line-rate="0.9764705882352941" branch-rate="0" complexity="0"><methods/><lines><line number="36" hits="2"/><line number="49" hits="2"/><line number="69" hits="2"/><line number="77" hits="4"/><line number="79" hits="2"/><line number="80" hits="4"/><line number="81" hits="2"/><line number="83" hits="2"/><line number="84" hits="4"/><line number="85" hits="2"/><line number="86" hits="2"/><line number="87" hits="2"/><line number="89" hits="2"/><line number="90" hits="2"/><line number="91" hits="2"/><line number="92" hits="2"/><line number="93" hits="2"/><line number="94" hits="0"/><line number="99" hits="4"/><line number="101" hits="2"/><line number="106" hits="1"/><line number="107" hits="1"/><line number="109" hits="2"/><line number="110" hits="1"/><line number="111" hits="1"/><line number="112" hits="1"/><line number="113" hits="1"/><line number="114" hits="1"/><line number="115" hits="1"/><line number="116" hits="1"/><line number="120" hits="1"/><line number="121" hits="1"/><line number="124" hits="2"/><line number="126" hits="1"/><line number="127" hits="1"/><line number="128" hits="1"/><line number="132" hits="1"/><line number="133" hits="1"/><line number="134" hits="1"/><line number="135" hits="2"/><line number="136" hits="1"/><line number="137" hits="1"/><line number="138" hits="1"/><line number="139" hits="1"/><line number="140" hits="1"/><line number="141" hits="1"/><line number="142" hits="1"/><line number="146" hits="1"/><line number="147" hits="1"/><line number="148" hits="1"/><line number="149" hits="2"/><line number="150" hits="1"/><line number="151" hits="1"/><line number="152" hits="1"/><line number="153" hits="1"/><line number="154" hits="1"/><line number="155" hits="1"/><line number="156" hits="1"/><line number="160" hits="1"/><line number="161" hits="1"/><line number="163" hits="2"/><line number="164" hits="1"/><line number="165" hits="1"/><line number="166" hits="1"/><line number="167" hits="1"/><line number="168" hits="1"/><line number="169" hits="1"/><line number="170" hits="1"/><line number="171" hits="0"/><line number="188" hits="1"/><line number="194" hits="1"/><line number="196" hits="1"/><line number="197" hits="1"/><line number="201" hits="2"/><line number="202" hits="1"/><line number="203" hits="1"/><line number="209" hits="1"/><line number="210" hits="1"/><line number="211" hits="1"/><line number="220" hits="1"/><line number="222" hits="1"/><line number="226" hits="1"/><line number="227" hits="2"/><line number="228" hits="1"/><line number="229" hits="1"/></lines></class><class name="network" filename="src/network.rs" line-rate="0.625" branch-rate="0" complexity="0"><methods/><lines><line number="25" hits="8"/><line number="26" hits="5"/><line number="27" hits="14"/><line number="28" hits="14"/><line number="29" hits="6"/><line number="41" hits="0"/><line number="42" hits="0"/><line number="43" hits="0"/></lines></class><class name="nickname" filename="src/nickname.rs" line-rate="1" branch-rate="0" complexity="0"><methods/><lines><line number="10" hits="4"/><line number="11" hits="4"/><line number="18" hits="1"/><line number="19" hits="1"/><line number="20" hits="1"/><line number="21" hits="2"/><line number="22" hits="1"/><line number="24" hits="4"/><line number="31" hits="1"/><line number="32" hits="1"/><line number="35" hits="2"/><line number="36" hits="1"/><line number="37" hits="1"/><line number="38" hits="1"/><line number="47" hits="1"/><line number="48" hits="1"/><line number="49" hits="1"/><line number="51" hits="1"/><line number="52" hits="2"/><line number="53" hits="1"/><line number="63" hits="1"/><line number="65" hits="1"/><line number="66" hits="1"/><line number="69" hits="2"/><line number="71" hits="1"/><line number="72" hits="1"/><line number="73" hits="1"/><line number="83" hits="1"/><line number="84" hits="1"/><line number="85" hits="1"/><line number="86" hits="2"/><line number="87" hits="1"/><line number="88" hits="1"/><line number="90" hits="4"/><line number="100" hits="1"/><line number="102" hits="1"/><line number="103" hits="1"/><line number="106" hits="2"/><line number="108" hits="1"/><line number="109" hits="1"/><line number="110" hits="1"/><line number="120" hits="1"/><line number="122" hits="1"/><line number="123" hits="1"/><line number="126" hits="2"/><line number="128" hits="1"/><line number="129" hits="1"/><line number="130" hits="1"/><line number="140" hits="1"/><line number="141" hits="1"/><line number="142" hits="1"/><line number="143" hits="2"/><line number="144" hits="1"/><line number="145" hits="1"/><line number="147" hits="4"/><line number="160" hits="1"/><line number="161" hits="1"/><line number="169" hits="1"/><line number="170" hits="1"/><line number="173" hits="2"/><line number="176" hits="2"/><line number="177" hits="1"/><line number="180" hits="2"/><line number="183" hits="1"/><line number="193" hits="1"/><line number="194" hits="1"/><line number="195" hits="1"/><line number="196" hits="2"/><line number="197" hits="1"/><line number="198" hits="1"/><line number="200" hits="4"/></lines></class><class name="peers" filename="src/peers.rs" line-rate="0.234375" branch-rate="0" complexity="0"><methods/><lines><line number="37" hits="3"/><line number="38" hits="3"/><line number="39" hits="3"/><line number="40" hits="6"/><line number="43" hits="3"/><line number="44" hits="3"/><line number="52" hits="6"/><line number="53" hits="3"/><line number="54" hits="3"/><line number="56" hits="3"/><line number="57" hits="3"/><line number="58" hits="3"/><line number="60" hits="3"/><line number="61" hits="3"/><line number="62" hits="3"/><line number="66" hits="0"/><line number="67" hits="0"/><line number="68" hits="0"/><line number="69" hits="0"/><line number="70" hits="0"/><line number="71" hits="0"/><line number="72" hits="0"/><line number="79" hits="0"/><line number="83" hits="0"/><line number="84" hits="0"/><line number="115" hits="0"/><line number="116" hits="0"/><line number="120" hits="0"/><line number="121" hits="0"/><line number="124" hits="0"/><line number="126" hits="0"/><line number="127" hits="0"/><line number="128" hits="0"/><line number="129" hits="0"/><line number="133" hits="0"/><line number="134" hits="0"/><line number="135" hits="0"/><line number="136" hits="0"/><line number="137" hits="0"/><line number="138" hits="0"/><line number="140" hits="0"/><line number="141" hits="0"/><line number="145" hits="0"/><line number="146" hits="0"/><line number="147" hits="0"/><line number="148" hits="0"/><line number="152" hits="0"/><line number="154" hits="0"/><line number="158" hits="0"/><line number="159" hits="0"/><line number="160" hits="0"/><line number="161" hits="0"/><line number="162" hits="0"/><line number="163" hits="0"/><line number="164" hits="0"/><line number="166" hits="0"/><line number="167" hits="0"/><line number="171" hits="0"/><line number="172" hits="0"/><line number="173" hits="0"/><line number="174" hits="0"/><line number="175" hits="0"/><line number="176" hits="0"/><line number="178" hits="0"/></lines></class><class name="swarm_handler" filename="src/swarm_handler.rs" line-rate="0" branch-rate="0" complexity="0"><methods/><lines><line number="17" hits="0"/><line number="22" hits="0"/><line number="23" hits="0"/><line number="28" hits="0"/><line number="30" hits="0"/><line number="31" hits="0"/><line number="32" hits="0"/><line number="34" hits="0"/><line number="35" hits="0"/><line number="36" hits="0"/><line number="37" hits="0"/><line number="38" hits="0"/><line number="39" hits="0"/><line number="40" hits="0"/><line number="42" hits="0"/><line number="46" hits="0"/><line number="48" hits="0"/><line number="49" hits="0"/><line number="50" hits="0"/><line number="53" hits="0"/><line number="54" hits="0"/><line number="56" hits="0"/><line number="57" hits="0"/><line number="59" hits="0"/><line number="62" hits="0"/><line number="68" hits="0"/><line number="71" hits="0"/><line number="72" hits="0"/><line number="73" hits="0"/><line number="77" hits="0"/><line number="78" hits="0"/><line number="80" hits="0"/><line number="81" hits="0"/><line number="82" hits="0"/><line number="83" hits="0"/><line number="84" hits="0"/><line number="86" hits="0"/><line number="88" hits="0"/><line number="89" hits="0"/><line number="91" hits="0"/><line number="92" hits="0"/><line number="93" hits="0"/><line number="94" hits="0"/><line number="95" hits="0"/><line number="96" hits="0"/><line number="97" hits="0"/><line number="98" hits="0"/><line number="101" hits="0"/><line number="106" hits="0"/><line number="107" hits="0"/><line number="116" hits="0"/><line number="117" hits="0"/><line number="119" hits="0"/><line number="120" hits="0"/><line number="122" hits="0"/><line number="124" hits="0"/><line number="125" hits="0"/><line number="126" hits="0"/><line number="127" hits="0"/><line number="128" hits="0"/><line number="130" hits="0"/><line number="132" hits="0"/><line number="138" hits="0"/><line number="139" hits="0"/><line number="140" hits="0"/><line number="141" hits="0"/><line number="142" hits="0"/><line number="143" hits="0"/><line number="145" hits="0"/><line number="146" hits="0"/><line number="147" hits="0"/><line number="150" hits="0"/><line number="151" hits="0"/><line number="152" hits="0"/><line number="153" hits="0"/><line number="155" hits="0"/><line number="156" hits="0"/><line number="157" hits="0"/><line number="158" hits="0"/><line number="160" hits="0"/><line number="161" hits="0"/><line number="162" hits="0"/><line number="163" hits="0"/><line number="165" hits="0"/><line number="169" hits="0"/><line number="170" hits="0"/><line number="171" hits="0"/><line number="176" hits="0"/><line number="177" hits="0"/><line number="178" hits="0"/><line number="185" hits="0"/><line number="189" hits="0"/><line number="190" hits="0"/><line number="191" hits="0"/><line number="193" hits="0"/><line number="195" hits="0"/><line number="196" hits="0"/><line number="198" hits="0"/><line number="201" hits="0"/><line number="202" hits="0"/><line number="207" hits="0"/><line number="215" hits="0"/><line number="218" hits="0"/><line number="219" hits="0"/><line number="225" hits="0"/><line number="226" hits="0"/><line number="228" hits="0"/><line number="238" hits="0"/><line number="246" hits="0"/><line number="247" hits="0"/><line number="249" hits="0"/><line number="250" hits="0"/><line number="251" hits="0"/><line number="252" hits="0"/><line number="253" hits="0"/><line number="254" hits="0"/><line number="257" hits="0"/><line number="258" hits="0"/><line number="259" hits="0"/><line number="261" hits="0"/><line number="262" hits="0"/><line number="269" hits="0"/></lines></class><class name="tui_events" filename="src/tui_events.rs" line-rate="0" branch-rate="0" complexity="0"><methods/><lines><line number="64" hits="0"/><line number="65" hits="0"/><line number="66" hits="0"/><line number="67" hits="0"/></lines></class><class name="tui_helpers" filename="src/tui_helpers.rs" line-rate="0.9663865546218487" branch-rate="0" complexity="0"><methods/><lines><line number="7" hits="3"/><line number="11" hits="7"/><line number="13" hits="2"/><line number="14" hits="10"/><line number="15" hits="4"/><line number="17" hits="4"/><line number="18" hits="10"/><line number="20" hits="14"/><line number="22" hits="10"/><line number="23" hits="1"/><line number="28" hits="1"/><line number="34" hits="4"/><line number="35" hits="1"/><line number="37" hits="2"/><line number="38" hits="2"/><line number="39" hits="2"/><line number="40" hits="2"/><line number="43" hits="1"/><line number="47" hits="1"/><line number="48" hits="1"/><line number="52" hits="1"/><line number="53" hits="1"/><line number="57" hits="1"/><line number="62" hits="1"/><line number="63" hits="1"/><line number="68" hits="2"/><line number="69" hits="2"/><line number="70" hits="3"/><line number="71" hits="2"/><line number="72" hits="4"/><line number="74" hits="1"/><line number="79" hits="1"/><line number="80" hits="1"/><line number="84" hits="1"/><line number="85" hits="2"/><line number="89" hits="1"/><line number="90" hits="3"/><line number="94" hits="1"/><line number="95" hits="3"/><line number="99" hits="1"/><line number="100" hits="1"/><line number="101" hits="1"/><line number="103" hits="1"/><line number="108" hits="1"/><line number="109" hits="1"/><line number="110" hits="0"/><line number="112" hits="1"/><line number="113" hits="2"/><line number="114" hits="1"/><line number="115" hits="2"/><line number="116" hits="0"/><line number="118" hits="2"/><line number="121" hits="1"/><line number="125" hits="0"/><line number="126" hits="0"/><line number="136" hits="1"/><line number="137" hits="2"/><line number="138" hits="1"/><line number="139" hits="2"/><line number="140" hits="1"/><line number="141" hits="3"/><line number="142" hits="3"/><line number="144" hits="1"/><line number="149" hits="1"/><line number="150" hits="1"/><line number="154" hits="1"/><line number="159" hits="1"/><line number="160" hits="2"/><line number="163" hits="1"/><line number="166" hits="1"/><line number="181" hits="1"/><line number="186" hits="2"/><line number="187" hits="1"/><line number="188" hits="1"/><line number="193" hits="1"/><line number="194" hits="1"/><line number="198" hits="1"/><line number="204" hits="1"/><line number="205" hits="3"/><line number="206" hits="1"/><line number="211" hits="1"/><line number="212" hits="1"/><line number="216" hits="3"/><line number="222" hits="2"/><line number="223" hits="3"/><line number="226" hits="2"/><line number="227" hits="1"/><line number="228" hits="1"/><line number="230" hits="2"/><line number="231" hits="1"/><line number="232" hits="1"/><line number="234" hits="1"/><line number="235" hits="1"/><line number="236" hits="1"/><line number="238" hits="2"/><line number="239" hits="1"/><line number="240" hits="1"/><line number="242" hits="2"/><line number="243" hits="1"/><line number="244" hits="1"/><line number="246" hits="2"/><line number="247" hits="1"/><line number="248" hits="1"/><line number="252" hits="1"/><line number="256" hits="1"/><line number="262" hits="3"/><line number="263" hits="3"/><line number="264" hits="1"/><line number="272" hits="3"/><line number="277" hits="3"/><line number="278" hits="6"/><line number="279" hits="6"/><line number="280" hits="5"/><line number="281" hits="1"/><line number="287" hits="2"/><line number="288" hits="2"/><line number="289" hits="1"/><line number="291" hits="6"/><line number="292" hits="3"/></lines></class><class name="tui_render" filename="src/tui_render.rs" line-rate="0.9705882352941176" branch-rate="0" complexity="0"><methods/><lines><line number="17" hits="1"/><line number="18" hits="6"/><line number="19" hits="3"/><line number="20" hits="1"/><line number="21" hits="1"/><line number="22" hits="3"/><line number="23" hits="1"/><line number="24" hits="3"/><line number="25" hits="1"/><line number="26" hits="3"/><line number="28" hits="5"/><line number="30" hits="1"/><line number="31" hits="1"/><line number="33" hits="1"/><line number="34" hits="4"/><line number="36" hits="3"/><line number="37" hits="4"/><line number="38" hits="4"/><line number="40" hits="4"/><line number="41" hits="2"/><line number="46" hits="1"/><line number="47" hits="3"/><line number="48" hits="3"/><line number="49" hits="2"/><line number="50" hits="1"/><line number="51" hits="2"/><line number="52" hits="1"/><line number="56" hits="1"/><line number="57" hits="1"/><line number="58" hits="1"/><line number="62" hits="1"/><line number="68" hits="2"/><line number="69" hits="3"/><line number="70" hits="1"/><line number="71" hits="0"/><line number="72" hits="1"/><line number="77" hits="1"/><line number="78" hits="1"/><line number="81" hits="3"/><line number="83" hits="1"/><line number="84" hits="1"/><line number="88" hits="1"/><line number="89" hits="1"/><line number="92" hits="3"/><line number="93" hits="1"/><line number="96" hits="1"/><line number="97" hits="1"/><line number="101" hits="1"/><line number="107" hits="1"/><line number="108" hits="2"/><line number="109" hits="2"/><line number="110" hits="1"/><line number="111" hits="4"/><line number="112" hits="1"/><line number="113" hits="1"/><line number="117" hits="1"/><line number="118" hits="1"/><line number="119" hits="1"/><line number="120" hits="1"/><line number="124" hits="1"/><line number="130" hits="1"/><line number="131" hits="0"/><line number="133" hits="1"/><line number="136" hits="2"/><line number="138" hits="2"/><line number="139" hits="2"/><line number="140" hits="1"/><line number="141" hits="1"/><line number="142" hits="1"/><line number="144" hits="1"/><line number="149" hits="1"/><line number="150" hits="1"/><line number="151" hits="1"/><line number="155" hits="1"/><line number="156" hits="1"/><line number="157" hits="1"/><line number="158" hits="1"/><line number="160" hits="0"/><line number="162" hits="1"/><line number="163" hits="1"/><line number="167" hits="1"/><line number="168" hits="2"/><line number="169" hits="1"/><line number="170" hits="1"/><line number="172" hits="1"/><line number="173" hits="2"/><line number="174" hits="2"/><line number="175" hits="1"/><line number="178" hits="1"/><line number="179" hits="2"/><line number="181" hits="2"/><line number="182" hits="1"/><line number="183" hits="1"/><line number="184" hits="2"/><line number="186" hits="1"/><line number="187" hits="1"/><line number="188" hits="1"/><line number="192" hits="1"/><line number="193" hits="1"/><line number="194" hits="1"/><line number="195" hits="2"/><line number="197" hits="1"/></lines></class><class name="tui_render_state" filename="src/tui_render_state.rs" line-rate="0.9069767441860465" branch-rate="0" complexity="0"><methods/><lines><line number="38" hits="0"/><line number="39" hits="0"/><line number="45" hits="2"/><line number="47" hits="2"/><line number="49" hits="2"/><line number="50" hits="2"/><line number="51" hits="2"/><line number="52" hits="2"/><line number="54" hits="2"/><line number="63" hits="6"/><line number="64" hits="4"/><line number="65" hits="10"/><line number="66" hits="6"/><line number="67" hits="4"/><line number="69" hits="7"/><line number="70" hits="10"/><line number="71" hits="10"/><line number="74" hits="4"/><line number="75" hits="10"/><line number="78" hits="10"/><line number="88" hits="6"/><line number="90" hits="4"/><line number="99" hits="1"/><line number="100" hits="1"/><line number="104" hits="1"/><line number="110" hits="2"/><line number="114" hits="1"/><line number="115" hits="1"/><line number="116" hits="1"/><line number="117" hits="1"/><line number="122" hits="1"/><line number="123" hits="1"/><line number="125" hits="1"/><line number="129" hits="2"/><line number="130" hits="0"/><line number="131" hits="0"/><line number="132" hits="3"/><line number="133" hits="1"/><line number="134" hits="3"/><line number="135" hits="1"/><line number="137" hits="1"/><line number="156" hits="1"/><line number="157" hits="1"/></lines></class><class name="tui_tabs" filename="src/tui_tabs.rs" line-rate="0.96875" branch-rate="0" complexity="0"><methods/><lines><line number="21" hits="1"/><line number="22" hits="1"/><line number="23" hits="1"/><line number="24" hits="1"/><line number="25" hits="1"/><line number="26" hits="1"/><line number="31" hits="1"/><line number="32" hits="1"/><line number="33" hits="1"/><line number="34" hits="1"/><line number="35" hits="1"/><line number="36" hits="1"/><line number="37" hits="1"/><line number="53" hits="9"/><line number="56" hits="9"/><line number="61" hits="3"/><line number="67" hits="2"/><line number="68" hits="4"/><line number="88" hits="16"/><line number="90" hits="17"/><line number="95" hits="7"/><line number="96" hits="27"/><line number="97" hits="4"/><line number="99" hits="16"/><line number="100" hits="8"/><line number="104" hits="3"/><line number="105" hits="9"/><line number="106" hits="3"/><line number="107" hits="6"/><line number="109" hits="1"/><line number="113" hits="1"/><line number="114" hits="3"/><line number="118" hits="1"/><line number="119" hits="3"/><line number="124" hits="3"/><line number="125" hits="3"/><line number="129" hits="1"/><line number="130" hits="1"/><line number="132" hits="3"/><line number="137" hits="1"/><line number="138" hits="1"/><line number="139" hits="2"/><line number="140" hits="1"/><line number="141" hits="1"/><line number="145" hits="2"/><line number="146" hits="2"/><line number="147" hits="3"/><line number="148" hits="2"/><line number="149" hits="2"/><line number="150" hits="4"/><line number="151" hits="4"/><line number="152" hits="2"/><line number="153" hits="6"/><line number="154" hits="2"/><line number="156" hits="0"/><line number="159" hits="0"/><line number="165" hits="4"/><line number="166" hits="4"/><line number="186" hits="4"/><line number="187" hits="4"/><line number="188" hits="3"/><line number="189" hits="3"/><line number="195" hits="4"/><line number="196" hits="4"/></lines></class><class name="tui_test_state" filename="src/tui_test_state.rs" line-rate="0.6708860759493671" branch-rate="0" complexity="0"><methods/><lines><line number="35" hits="5"/><line number="36" hits="12"/><line number="40" hits="4"/><line number="41" hits="4"/><line number="45" hits="5"/><line number="46" hits="5"/><line number="48" hits="17"/><line number="49" hits="10"/><line number="50" hits="9"/><line number="51" hits="5"/><line number="52" hits="11"/><line number="53" hits="10"/><line number="54" hits="35"/><line number="55" hits="14"/><line number="57" hits="2"/><line number="68" hits="4"/><line number="74" hits="1"/><line number="75" hits="1"/><line number="76" hits="7"/><line number="77" hits="1"/><line number="80" hits="7"/><line number="81" hits="11"/><line number="83" hits="7"/><line number="84" hits="17"/><line number="85" hits="6"/><line number="86" hits="6"/><line number="87" hits="12"/><line number="90" hits="12"/><line number="92" hits="12"/><line number="93" hits="6"/><line number="96" hits="4"/><line number="99" hits="1"/><line number="103" hits="2"/><line number="104" hits="2"/><line number="105" hits="4"/><line number="106" hits="1"/><line number="108" hits="2"/><line number="110" hits="9"/><line number="114" hits="1"/><line number="115" hits="2"/><line number="119" hits="1"/><line number="120" hits="1"/><line number="124" hits="1"/><line number="125" hits="1"/><line number="126" hits="2"/><line number="127" hits="1"/><line number="132" hits="2"/><line number="133" hits="3"/><line number="134" hits="3"/><line number="135" hits="1"/><line number="137" hits="1"/><line number="141" hits="2"/><line number="144" hits="1"/><line number="150" hits="0"/><line number="151" hits="0"/><line number="157" hits="0"/><line number="158" hits="0"/><line number="162" hits="0"/><line number="163" hits="0"/><line number="167" hits="0"/><line number="168" hits="0"/><line number="169" hits="0"/><line number="170" hits="0"/><line number="171" hits="0"/><line number="176" hits="0"/><line number="177" hits="0"/><line number="181" hits="0"/><line number="182" hits="0"/><line number="183" hits="0"/><line number="184" hits="0"/><line number="189" hits="0"/><line number="190" hits="0"/><line number="194" hits="0"/><line number="195" hits="0"/><line number="196" hits="0"/><line number="197" hits="0"/><line number="202" hits="0"/><line number="207" hits="0"/><line number="208" hits="0"/></lines></class></classes></package><package name="src/generated" line-rate="0.9" branch-rate="0" complexity="0"><classes><class name="schema" filename="src/generated/schema.rs" line-rate="0.9" branch-rate="0" complexity="0"><methods/><lines><line number="5" hits="20"/><line number="7" hits="6"/><line number="8" hits="6"/><line number="9" hits="6"/><line number="10" hits="6"/><line number="11" hits="6"/><line number="12" hits="6"/><line number="16" hits="6"/><line number="18" hits="2"/><line number="19" hits="2"/><line number="20" hits="2"/><line number="21" hits="2"/><line number="22" hits="2"/><line number="23" hits="2"/><line number="27" hits="8"/><line number="29" hits="4"/><line number="30" hits="4"/><line number="31" hits="4"/><line number="32" hits="4"/><line number="33" hits="4"/><line number="34" hits="4"/><line number="35" hits="4"/><line number="36" hits="4"/><line number="37" hits="4"/><line number="38" hits="4"/><line number="39" hits="4"/><line number="43" hits="0"/><line number="45" hits="0"/><line number="46" hits="0"/><line number="47" hits="0"/><line number="51" hits="10"/><line number="53" hits="6"/><line number="54" hits="6"/><line number="55" hits="6"/><line number="56" hits="6"/><line number="57" hits="6"/><line number="58" hits="6"/><line number="59" hits="6"/><line number="60" hits="6"/><line number="61" hits="6"/></lines></class></classes></package><package name="src/bin" line-rate="0.09016393442622951" branch-rate="0" complexity="0"><classes><class name="p2p_chat" filename="src/bin/p2p_chat.rs" line-rate="0" branch-rate="0" complexity="0"><methods/><lines><line number="14" hits="0"/><line number="15" hits="0"/><line number="16" hits="0"/><line number="17" hits="0"/><line number="22" hits="0"/><line number="23" hits="0"/><line number="24" hits="0"/><line number="25" hits="0"/><line number="29" hits="0"/><line number="30" hits="0"/><line number="31" hits="0"/><line number="36" hits="0"/><line number="37" hits="0"/><line number="38" hits="0"/><line number="39" hits="0"/><line number="42" hits="0"/><line number="43" hits="0"/><line number="44" hits="0"/><line number="48" hits="0"/><line number="49" hits="0"/><line number="50" hits="0"/><line number="51" hits="0"/><line number="52" hits="0"/><line number="53" hits="0"/><line number="55" hits="0"/><line number="60" hits="0"/><line number="61" hits="0"/><line number="62" hits="0"/><line number="63" hits="0"/><line number="66" hits="0"/><line number="68" hits="0"/><line number="69" hits="0"/><line number="70" hits="0"/><line number="71" hits="0"/><line number="73" hits="0"/><line number="74" hits="0"/><line number="78" hits="0"/><line number="83" hits="0"/><line number="86" hits="0"/><line number="92" hits="0"/><line number="94" hits="0"/><line number="95" hits="0"/><line number="104" hits="0"/><line number="107" hits="0"/><line number="108" hits="0"/><line number="110" hits="0"/><line number="111" hits="0"/><line number="113" hits="0"/><line number="114" hits="0"/><line number="116" hits="0"/><line number="117" hits="0"/><line number="118" hits="0"/><line number="119" hits="0"/><line number="122" hits="0"/><line number="123" hits="0"/><line number="124" hits="0"/><line number="125" hits="0"/><line number="127" hits="0"/><line number="128" hits="0"/><line number="130" hits="0"/><line number="131" hits="0"/><line number="133" hits="0"/><line number="142" hits="0"/><line number="146" hits="0"/><line number="149" hits="0"/><line number="153" hits="0"/><line number="154" hits="0"/><line number="155" hits="0"/><line number="157" hits="0"/><line number="164" hits="0"/></lines></class><class name="p2p_chat_tui" filename="src/bin/p2p_chat_tui.rs" line-rate="0" branch-rate="0" complexity="0"><methods/><lines><line number="83" hits="0"/><line number="84" hits="0"/><line number="85" hits="0"/><line number="86" hits="0"/><line number="89" hits="0"/><line number="91" hits="0"/><line number="93" hits="0"/><line number="94" hits="0"/><line number="95" hits="0"/><line number="96" hits="0"/><line number="98" hits="0"/><line number="99" hits="0"/><line number="103" hits="0"/><line number="108" hits="0"/><line number="111" hits="0"/><line number="117" hits="0"/><line number="119" hits="0"/><line number="120" hits="0"/><line number="129" hits="0"/><line number="132" hits="0"/><line number="133" hits="0"/><line number="135" hits="0"/><line number="138" hits="0"/></lines></class></classes></package><package name="" line-rate="0.3564397046759639" branch-rate="0" complexity="0"><classes></classes></package></packages></coverage>